<?xml version="1.0" encoding="UTF-8"?>
<testng-results ignored="0" total="1" passed="0" failed="1" skipped="0">
  <reporter-output>
  </reporter-output>
  <suite started-at="2024-11-26T10:24:33 PST" name="Default suite" finished-at="2024-11-26T10:24:35 PST" duration-ms="2033">
    <groups>
    </groups>
    <test started-at="2024-11-26T10:24:33 PST" name="Default test" finished-at="2024-11-26T10:24:35 PST" duration-ms="2033">
      <class name="regmvnapp.Simpletest">
        <test-method signature="simple_Test()[pri:0, instance:regmvnapp.Simpletest@2b71e916]" started-at="2024-11-26T10:24:33 PST" name="simple_Test" finished-at="2024-11-26T10:24:35 PST" duration-ms="1998" status="FAIL">
          <exception class="junit.framework.ComparisonFailure">
            <message>
              <![CDATA[expected:<Insert title here> but was:<REGISTRATION EVENT>]]>
            </message>
            <full-stacktrace>
              <![CDATA[junit.framework.ComparisonFailure: expected:<Insert title here> but was:<REGISTRATION EVENT>
at junit.framework.Assert.assertEquals(Assert.java:81)
at junit.framework.Assert.assertEquals(Assert.java:87)
at regmvnapp.Simpletest.simple_Test(Simpletest.java:27)
at java.base/jdk.internal.reflect.DirectMethodHandleAccessor.invoke(DirectMethodHandleAccessor.java:103)
at java.base/java.lang.reflect.Method.invoke(Method.java:580)
at org.testng.internal.MethodInvocationHelper.invokeMethod(MethodInvocationHelper.java:133)
at org.testng.internal.TestInvoker.invokeMethod(TestInvoker.java:598)
at org.testng.internal.TestInvoker.invokeTestMethod(TestInvoker.java:173)
at org.testng.internal.MethodRunner.runInSequence(MethodRunner.java:46)
at org.testng.internal.TestInvoker$MethodInvocationAgent.invoke(TestInvoker.java:824)
at org.testng.internal.TestInvoker.invokeTestMethods(TestInvoker.java:146)
at org.testng.internal.TestMethodWorker.invokeTestMethods(TestMethodWorker.java:146)
at org.testng.internal.TestMethodWorker.run(TestMethodWorker.java:128)
at java.base/java.util.ArrayList.forEach(ArrayList.java:1596)
at org.testng.TestRunner.privateRun(TestRunner.java:794)
at org.testng.TestRunner.run(TestRunner.java:596)
at org.testng.SuiteRunner.runTest(SuiteRunner.java:377)
at org.testng.SuiteRunner.runSequentially(SuiteRunner.java:371)
at org.testng.SuiteRunner.privateRun(SuiteRunner.java:332)
at org.testng.SuiteRunner.run(SuiteRunner.java:276)
at org.testng.SuiteRunnerWorker.runSuite(SuiteRunnerWorker.java:53)
at org.testng.SuiteRunnerWorker.run(SuiteRunnerWorker.java:96)
at org.testng.TestNG.runSuitesSequentially(TestNG.java:1212)
at org.testng.TestNG.runSuitesLocally(TestNG.java:1134)
at org.testng.TestNG.runSuites(TestNG.java:1063)
at org.testng.TestNG.run(TestNG.java:1031)
at org.testng.remote.AbstractRemoteTestNG.run(AbstractRemoteTestNG.java:115)
at org.testng.remote.RemoteTestNG.initAndRun(RemoteTestNG.java:293)
at org.testng.remote.RemoteTestNG.main(RemoteTestNG.java:91)
]]>
            </full-stacktrace>
          </exception> <!-- junit.framework.ComparisonFailure -->
          <reporter-output>
          </reporter-output>
        </test-method> <!-- simple_Test -->
      </class> <!-- regmvnapp.Simpletest -->
    </test> <!-- Default test -->
  </suite> <!-- Default suite -->
</testng-results>
